#
# There is insufficient memory for the Java Runtime Environment to continue.
# Native memory allocation (mmap) failed to map 98566144 bytes. Error detail: G1 virtual space
# Possible reasons:
#   The system is out of physical RAM or swap space
#   This process is running with CompressedOops enabled, and the Java Heap may be blocking the growth of the native heap
# Possible solutions:
#   Reduce memory load on the system
#   Increase physical memory or swap space
#   Check if swap backing store is full
#   Decrease Java heap size (-Xmx/-Xms)
#   Decrease number of Java threads
#   Decrease Java thread stack sizes (-Xss)
#   Set larger code cache with -XX:ReservedCodeCacheSize=
#   JVM is running with Unscaled Compressed Oops mode in which the Java heap is
#     placed in the first 4GB address space. The Java Heap base address is the
#     maximum limit for the native heap growth. Please use -XX:HeapBaseMinAddress
#     to set the Java Heap base and to place the Java Heap above 4GB virtual address.
# This output file may be truncated or incomplete.
#
#  Out of Memory Error (os_windows.cpp:3898), pid=14988, tid=5660
#
# JRE version:  (21.0.6+9) (build )
# Java VM: OpenJDK 64-Bit Server VM (21.0.6+9-b895.109, mixed mode, sharing, tiered, compressed oops, compressed class ptrs, g1 gc, windows-amd64)
# No core dump will be written. Minidumps are not enabled by default on client versions of Windows
#

---------------  S U M M A R Y ------------

Command Line: -Djava.io.tmpdir=C:\Users\aepaw\AppData\Local\JetBrains\PyCharm2025.1\tmp\statistics-uploader com.intellij.internal.statistic.uploader.EventLogUploader --ide-token C:\Users\aepaw\AppData\Local\JetBrains\PyCharm2025.1\token --recorders FUS;MP;IJ_MAP;ML --device-fus 06082316158cbd7-91c0-42a7-b13c-a9e83827b8bd --bucket-fus 207 --machine-fus 2629f544aa32c31804bc48943b8ce58914a785f4a45924716e7dbb53b52bb99d --id-revision-fus 0 --files-fus C:\Users\aepaw\AppData\Local\JetBrains\PyCharm2025.1\event-log-data\logs\FUS\502e-4717-a097-f21708426fa2-251.25410.159-release.log;C:\Users\aepaw\AppData\Local\JetBrains\PyCharm2025.1\event-log-data\logs\FUS\ea5c-45f2-ad55-10f4b4a3d0f1-251.25410.159-release.log --escape-fus false --device-mp 2007241bfcf93bf-b849-40d6-97ec-f24a060e0c14 --bucket-mp 48 --machine-mp e4494cb454417f13f151d7b3e0cd190b507889054337159cb44d59e59b70b5db --id-revision-mp 0 --files-mp C:\Users\aepaw\AppData\Local\JetBrains\PyCharm2025.1\event-log-data\logs\MP\cce5-4dd1-a1db-1e2aca6b59e3-251.25410.159-release.log --escape-mp false --device-ij_map 06082316158cbd7-91c0-42a7-b13c-a9e83827b8bd --bucket-ij_map 207 --machine-ij_map 2629f544aa32c31804bc48943b8ce58914a785f4a45924716e7dbb53b52bb99d --id-revision-ij_map 0 --files-ij_map C:\Users\aepaw\AppData\Local\JetBrains\PyCharm2025.1\event-log-data\logs\IJ_MAP\04a0-4067-9188-c978b46e9133-251.25410.159-release.log;C:\Users\aepaw\AppData\Local\JetBrains\PyCharm2025.1\event-log-data\logs\IJ_MAP\155d-4210-9d2a-559e873e9392-251.25410.159-release.log;C:\Users\aepaw\AppData\Local\JetBrains\PyCharm2025.1\event-log-data\logs\IJ_MAP\6cce-414b-a27c-c581f99ba9e2-251.25410.159-release.log;C:\Users\aepaw\AppData\Local\JetBrains\PyCharm2025.1\event-log-data\logs\IJ_MAP\82e4-4a87-b16e-2d10cb9a1978-251.25410.159-release.log;C:\Users\aepaw\AppData\Local\JetBrains\PyCharm2025.1\event-log-data\logs\IJ_MAP\876c-46d8-b0e3-1d3215dc63dd-251.25410.159-release.log --escape-ij_map false --device-ml 200525137a9be67-e07a-4984-9ce0-8eac674bc26c --bucket-ml 68 --machine-ml a076898475302bc2e26329d737e5de5d19d1e8dff66706c4e5e1f0de8f6c6735 --id-revision-ml 0 --files-ml C:\Users\aepaw\AppData\Local\JetBrains\PyCharm2025.1\event-log-data\logs\ML\5f8b-4e52-a885-902806bdb3fb-251.25410.159-release.log --escape-ml false --url https://resources.jetbrains.com/storage/fus/config/v4/%s/%s.json --product PY --product-version 2025.1.1.1 --baseline-version 251 --user-agent PyCharm/251.25410.159 --extra-headers 

Host: AMD Ryzen 3 5300U with Radeon Graphics         , 8 cores, 5G,  Windows 10 , 64 bit Build 19041 (10.0.19041.1889)
Time: Tue May 20 20:08:45 2025 SE Asia Standard Time elapsed time: 0.021284 seconds (0d 0h 0m 0s)

---------------  T H R E A D  ---------------

Current thread (0x000001cbdbf1d860):  JavaThread "Unknown thread" [_thread_in_vm, id=5660, stack(0x0000005394f00000,0x0000005395000000) (1024K)]

Stack: [0x0000005394f00000,0x0000005395000000]
Native frames: (J=compiled Java code, j=interpreted, Vv=VM code, C=native code)
V  [jvm.dll+0x6e5cb9]
V  [jvm.dll+0x8c4113]
V  [jvm.dll+0x8c666e]
V  [jvm.dll+0x8c6d53]
V  [jvm.dll+0x288f76]
V  [jvm.dll+0x6e2575]
V  [jvm.dll+0x6d602a]
V  [jvm.dll+0x3635db]
V  [jvm.dll+0x36b1a6]
V  [jvm.dll+0x3bd4f6]
V  [jvm.dll+0x3bd7c8]
V  [jvm.dll+0x335d2c]
V  [jvm.dll+0x336a1b]
V  [jvm.dll+0x88b569]
V  [jvm.dll+0x3ca6c8]
V  [jvm.dll+0x8745b8]
V  [jvm.dll+0x45f0de]
V  [jvm.dll+0x460dc1]
C  [jli.dll+0x52ab]
C  [ucrtbase.dll+0x21bb2]
C  [KERNEL32.DLL+0x17034]
C  [ntdll.dll+0x526a1]


---------------  P R O C E S S  ---------------

Threads class SMR info:
_java_thread_list=0x00007ffa542ea148, length=0, elements={
}

Java Threads: ( => current thread )
Total: 0

Other Threads:
  0x000001cbdbf62990 WorkerThread "GC Thread#0"                     [id=23008, stack(0x0000005395000000,0x0000005395100000) (1024K)]
  0x000001cbdbf6fd90 ConcurrentGCThread "G1 Main Marker"            [id=23004, stack(0x0000005395100000,0x0000005395200000) (1024K)]
  0x000001cbdbf707a0 WorkerThread "G1 Conc#0"                       [id=7564, stack(0x0000005395200000,0x0000005395300000) (1024K)]

[error occurred during error reporting (printing all threads), id 0xc0000005, EXCEPTION_ACCESS_VIOLATION (0xc0000005) at pc=0x00007ffa539d8e07]
VM state: not at safepoint (not fully initialized)

VM Mutex/Monitor currently owned by a thread:  ([mutex/lock_event])
[0x00007ffa5435eb30] Heap_lock - owner thread: 0x000001cbdbf1d860

Heap address: 0x00000000a2200000, size: 1502 MB, Compressed Oops mode: 32-bit

CDS archive(s) mapped at: [0x0000000000000000-0x0000000000000000-0x0000000000000000), size 0, SharedBaseAddress: 0x0000000800000000, ArchiveRelocationMode: 1.
Narrow klass base: 0x0000000000000000, Narrow klass shift: 0, Narrow klass range: 0x0

GC Precious Log:
 CardTable entry size: 512
 Card Set container configuration: InlinePtr #cards 5 size 8 Array Of Cards #cards 12 size 40 Howl #buckets 4 coarsen threshold 1843 Howl Bitmap #cards 512 size 80 coarsen threshold 460 Card regions per heap region 1 cards per card region 2048

Heap:
 garbage-first heap   total 0K, used 0K [0x00000000a2200000, 0x0000000100000000)
  region size 1024K, 0 young (0K), 0 survivors (0K)
 Metaspace       used 0K, committed 0K, reserved 0K
  class space    used 0K, committed 0K, reserved 0K

Heap Regions: E=young(eden), S=young(survivor), O=old, HS=humongous(starts), HC=humongous(continues), CS=collection set, F=free, TAMS=top-at-mark-start, PB=parsable bottom

Card table byte_map: [0x000001cbef580000,0x000001cbef870000] _byte_map_base: 0x000001cbef06f000

Marking Bits: (CMBitMap*) 0x000001cbdbf62fa0
 Bits: [0x000001cbef870000, 0x000001cbf0fe8000)

GC Heap History (0 events):
No events

Dll operation events (1 events):
Event: 0.012 Loaded shared library C:\Program Files\JetBrains\PyCharm 2025.1.1.1\jbr\bin\java.dll

Deoptimization events (0 events):
No events

Classes loaded (0 events):
No events

Classes unloaded (0 events):
No events

Classes redefined (0 events):
No events

Internal exceptions (0 events):
No events

ZGC Phase Switch (0 events):
No events

VM Operations (0 events):
No events

Memory protections (0 events):
No events

Nmethod flushes (0 events):
No events

Events (0 events):
No events


Dynamic libraries:
0x00007ff6ab110000 - 0x00007ff6ab11a000 	C:\Program Files\JetBrains\PyCharm 2025.1.1.1\jbr\bin\java.exe
0x00007ffadb2f0000 - 0x00007ffadb4e8000 	C:\Windows\SYSTEM32\ntdll.dll
0x00007ffad9a80000 - 0x00007ffad9b3d000 	C:\Windows\System32\KERNEL32.DLL
0x00007ffad8ce0000 - 0x00007ffad8fb2000 	C:\Windows\System32\KERNELBASE.dll
0x00007ffad8ac0000 - 0x00007ffad8bc0000 	C:\Windows\System32\ucrtbase.dll
0x00007ffab90f0000 - 0x00007ffab9108000 	C:\Program Files\JetBrains\PyCharm 2025.1.1.1\jbr\bin\jli.dll
0x00007ffad3ea0000 - 0x00007ffad3ebb000 	C:\Program Files\JetBrains\PyCharm 2025.1.1.1\jbr\bin\VCRUNTIME140.dll
0x00007ffada090000 - 0x00007ffada22d000 	C:\Windows\System32\USER32.dll
0x00007ffad9170000 - 0x00007ffad9192000 	C:\Windows\System32\win32u.dll
0x00007ffac7bc0000 - 0x00007ffac7e5a000 	C:\Windows\WinSxS\amd64_microsoft.windows.common-controls_6595b64144ccf1df_6.0.19041.1110_none_60b5254171f9507e\COMCTL32.dll
0x00007ffadab70000 - 0x00007ffadab9b000 	C:\Windows\System32\GDI32.dll
0x00007ffada380000 - 0x00007ffada41e000 	C:\Windows\System32\msvcrt.dll
0x00007ffad91a0000 - 0x00007ffad92af000 	C:\Windows\System32\gdi32full.dll
0x00007ffad92b0000 - 0x00007ffad934d000 	C:\Windows\System32\msvcp_win.dll
0x00007ffadacb0000 - 0x00007ffadace0000 	C:\Windows\System32\IMM32.DLL
0x00007ffad3f00000 - 0x00007ffad3f0c000 	C:\Program Files\JetBrains\PyCharm 2025.1.1.1\jbr\bin\vcruntime140_1.dll
0x00007ffab7640000 - 0x00007ffab76cd000 	C:\Program Files\JetBrains\PyCharm 2025.1.1.1\jbr\bin\msvcp140.dll
0x00007ffa53690000 - 0x00007ffa54451000 	C:\Program Files\JetBrains\PyCharm 2025.1.1.1\jbr\bin\server\jvm.dll
0x00007ffad9830000 - 0x00007ffad98de000 	C:\Windows\System32\ADVAPI32.dll
0x00007ffadac10000 - 0x00007ffadacac000 	C:\Windows\System32\sechost.dll
0x00007ffad98f0000 - 0x00007ffad9a15000 	C:\Windows\System32\RPCRT4.dll
0x00007ffad9de0000 - 0x00007ffad9e4b000 	C:\Windows\System32\WS2_32.dll
0x00007ffad85a0000 - 0x00007ffad85eb000 	C:\Windows\SYSTEM32\POWRPROF.dll
0x00007ffacf540000 - 0x00007ffacf567000 	C:\Windows\SYSTEM32\WINMM.dll
0x00007ffad1b40000 - 0x00007ffad1b4a000 	C:\Windows\SYSTEM32\VERSION.dll
0x00007ffad8580000 - 0x00007ffad8592000 	C:\Windows\SYSTEM32\UMPDC.dll
0x00007ffad68c0000 - 0x00007ffad68d2000 	C:\Windows\SYSTEM32\kernel.appcore.dll
0x00007ffad3e70000 - 0x00007ffad3e7a000 	C:\Program Files\JetBrains\PyCharm 2025.1.1.1\jbr\bin\jimage.dll
0x00007ffad5fb0000 - 0x00007ffad6194000 	C:\Windows\SYSTEM32\DBGHELP.DLL
0x00007ffac2590000 - 0x00007ffac25bc000 	C:\Windows\SYSTEM32\dbgcore.DLL
0x00007ffad8a00000 - 0x00007ffad8a82000 	C:\Windows\System32\bcryptPrimitives.dll
0x00007ffad3420000 - 0x00007ffad3440000 	C:\Program Files\JetBrains\PyCharm 2025.1.1.1\jbr\bin\java.dll

dbghelp: loaded successfully - version: 4.0.5 - missing functions: none
symbol engine: initialized successfully - sym options: 0x614 - pdb path: .;C:\Program Files\JetBrains\PyCharm 2025.1.1.1\jbr\bin;C:\Windows\SYSTEM32;C:\Windows\WinSxS\amd64_microsoft.windows.common-controls_6595b64144ccf1df_6.0.19041.1110_none_60b5254171f9507e;C:\Program Files\JetBrains\PyCharm 2025.1.1.1\jbr\bin\server

VM Arguments:
jvm_args: -Djava.io.tmpdir=C:\Users\aepaw\AppData\Local\JetBrains\PyCharm2025.1\tmp\statistics-uploader 
java_command: com.intellij.internal.statistic.uploader.EventLogUploader --ide-token C:\Users\aepaw\AppData\Local\JetBrains\PyCharm2025.1\token --recorders FUS;MP;IJ_MAP;ML --device-fus 06082316158cbd7-91c0-42a7-b13c-a9e83827b8bd --bucket-fus 207 --machine-fus 2629f544aa32c31804bc48943b8ce58914a785f4a45924716e7dbb53b52bb99d --id-revision-fus 0 --files-fus C:\Users\aepaw\AppData\Local\JetBrains\PyCharm2025.1\event-log-data\logs\FUS\502e-4717-a097-f21708426fa2-251.25410.159-release.log;C:\Users\aepaw\AppData\Local\JetBrains\PyCharm2025.1\event-log-data\logs\FUS\ea5c-45f2-ad55-10f4b4a3d0f1-251.25410.159-release.log --escape-fus false --device-mp 2007241bfcf93bf-b849-40d6-97ec-f24a060e0c14 --bucket-mp 48 --machine-mp e4494cb454417f13f151d7b3e0cd190b507889054337159cb44d59e59b70b5db --id-revision-mp 0 --files-mp C:\Users\aepaw\AppData\Local\JetBrains\PyCharm2025.1\event-log-data\logs\MP\cce5-4dd1-a1db-1e2aca6b59e3-251.25410.159-release.log --escape-mp false --device-ij_map 06082316158cbd7-91c0-42a7-b13c-a9e83827b8bd --bucket-ij_map 207 --machine-ij_map 2629f544aa32c31804bc48943b8ce58914a785f4a45924716e7dbb53b52bb99d --id-revision-ij_map 0 --files-ij_map C:\Users\aepaw\AppData\Local\JetBrains\PyCharm2025.1\event-log-data\logs\IJ_MAP\04a0-4067-9188-c978b46e9133-251.25410.159-release.log;C:\Users\aepaw\AppData\Local\JetBrains\PyCharm2025.1\event-log-data\logs\IJ_MAP\155d-4210-9d2a-559e873e9392-251.25410.159-release.log;C:\Users\aepaw\AppData\Local\JetBrains\PyCharm2025.1\event-log-data\logs\IJ_MAP\6cce-414b-a27c-c581f99ba9e2-251.25410.159-release.log;C:\Users\aepaw\AppData\Local\JetBrains\PyCharm2025.1\event-log-data\logs\IJ_MAP\82e4-4a87-b16e-2d10cb9a1978-251.25410.159-release.log;C:\Users\aepaw\AppData\Local\JetBrains\PyCharm2025.1\event-log-data\logs\IJ_MAP\876c-46d8-b0e3-1d3215dc63dd-251.25410.159-release.log --escape-ij_map false --device-ml 200525137a9be67-e07a-4984-9ce0-8eac674bc26c --bucket-ml 68 --machine-ml a076898475302bc2e26329d737e5de5d19d1e8dff66706c4e5e1f0de8
java_class_path (initial): C:\Program Files\JetBrains\PyCharm 2025.1.1.1\lib\util-8.jar;C:\Program Files\JetBrains\PyCharm 2025.1.1.1\lib\annotations.jar;C:\Program Files\JetBrains\PyCharm 2025.1.1.1\lib\lib-client.jar;C:\Program Files\JetBrains\PyCharm 2025.1.1.1\lib\stats.jar
Launcher Type: SUN_STANDARD

[Global flags]
     intx CICompilerCount                          = 4                                         {product} {ergonomic}
     uint ConcGCThreads                            = 2                                         {product} {ergonomic}
     uint G1ConcRefinementThreads                  = 8                                         {product} {ergonomic}
   size_t G1HeapRegionSize                         = 1048576                                   {product} {ergonomic}
    uintx GCDrainStackTargetSize                   = 64                                        {product} {ergonomic}
   size_t InitialHeapSize                          = 98566144                                  {product} {ergonomic}
   size_t MarkStackSize                            = 4194304                                   {product} {ergonomic}
   size_t MaxHeapSize                              = 1574961152                                {product} {ergonomic}
   size_t MinHeapDeltaBytes                        = 1048576                                   {product} {ergonomic}
   size_t MinHeapSize                              = 8388608                                   {product} {ergonomic}
    uintx NonNMethodCodeHeapSize                   = 5839372                                {pd product} {ergonomic}
    uintx NonProfiledCodeHeapSize                  = 122909434                              {pd product} {ergonomic}
    uintx ProfiledCodeHeapSize                     = 122909434                              {pd product} {ergonomic}
    uintx ReservedCodeCacheSize                    = 251658240                              {pd product} {ergonomic}
     bool SegmentedCodeCache                       = true                                      {product} {ergonomic}
   size_t SoftMaxHeapSize                          = 1574961152                             {manageable} {ergonomic}
     bool UseCompressedOops                        = true                           {product lp64_product} {ergonomic}
     bool UseG1GC                                  = true                                      {product} {ergonomic}
     bool UseLargePagesIndividualAllocation        = false                                  {pd product} {ergonomic}

Logging:
Log output configuration:
 #0: stdout all=warning uptime,level,tags foldmultilines=false
 #1: stderr all=off uptime,level,tags foldmultilines=false

Environment Variables:
PATH=C:\Program Files\Eclipse Adoptium\jdk-17.0.5.8-hotspot\bin;C:\Program Files (x86)\Common Files\Oracle\Java\javapath;C:\Windows\system32;C:\Windows;C:\Windows\System32\Wbem;C:\Windows\System32\WindowsPowerShell\v1.0\;C:\Windows\System32\OpenSSH\;C:\Program Files\Git\cmd;C:\Program Files\Go\bin;C:\Users\aepaw\AppData\Local\Programs\Python\Python313\Scripts\;C:\Users\aepaw\AppData\Local\Programs\Python\Python313\;C:\Users\aepaw\Downloads\Anaconda;C:\Users\aepaw\Downloads\Anaconda\Library\mingw-w64\bin;C:\Users\aepaw\Downloads\Anaconda\Library\usr\bin;C:\Users\aepaw\Downloads\Anaconda\Library\bin;C:\Users\aepaw\Downloads\Anaconda\Scripts;C:\src\flutter\bin;C:\Users\aepaw\anaconda3;C:\Users\aepaw\anaconda3\Library\mingw-w64\bin;C:\Users\aepaw\anaconda3\Library\usr\bin;C:\Users\aepaw\anaconda3\Library\bin;C:\Users\aepaw\anaconda3\Scripts;C:\Users\aepaw\AppData\Local\Microsoft\WindowsApps;C:\Users\aepaw\AppData\Local\Programs\Microsoft VS Code\bin;C:\Program Files\JetBrains\PyCharm 2025.1.1.1\bin;;C:\Program Files\Go\bin;
USERNAME=aepaw
OS=Windows_NT
PROCESSOR_IDENTIFIER=AMD64 Family 23 Model 104 Stepping 1, AuthenticAMD
TMP=C:\Users\aepaw\AppData\Local\Temp
TEMP=C:\Users\aepaw\AppData\Local\Temp




Periodic native trim disabled

JNI global refs:
JNI global refs: 0, weak refs: 0

JNI global refs memory usage: 0, weak refs: 0

Process memory usage:
Resident Set Size: 10532K (0% of 6150136K total physical memory with 205804K free physical memory)

OOME stack traces (most recent first):
Classloader memory used:

---------------  S Y S T E M  ---------------

OS:
 Windows 10 , 64 bit Build 19041 (10.0.19041.1889)
OS uptime: 0 days 17:29 hours

CPU: total 8 (initial active 8) (8 cores per cpu, 2 threads per core) family 23 model 104 stepping 1 microcode 0x0, cx8, cmov, fxsr, ht, mmx, 3dnowpref, sse, sse2, sse3, ssse3, sse4a, sse4.1, sse4.2, popcnt, lzcnt, tsc, tscinvbit, avx, avx2, aes, clmul, bmi1, bmi2, adx, sha, fma, vzeroupper, clflush, clflushopt, rdtscp, rdpid, f16c
Processor Information for the first 8 processors :
  Max Mhz: 2600, Current Mhz: 2600, Mhz Limit: 2600

Memory: 4k page, system-wide physical 6005M (200M free)
TotalPageFile size 16897M (AvailPageFile size 28M)
current process WorkingSet (physical memory assigned to process): 10M, peak: 10M
current process commit charge ("private bytes"): 60M, peak: 154M

vm_info: OpenJDK 64-Bit Server VM (21.0.6+9-b895.109) for windows-amd64 JRE (21.0.6+9-b895.109), built on 2025-03-26 by "builduser" with MS VC++ 16.10 / 16.11 (VS2019)

END.
